Using pre-set license
Built from '2020.3/release' branch; Version is '2020.3.12f1 (b3b2c6512326) revision 11776710'; Using compiler version '192528614'; Build Type 'Release'
OS: 'Windows 10 Pro; OS build 19044.1526; Version 2009; 64bit' Language: 'en' Physical Memory: 32198 MB
BatchMode: 1, IsHumanControllingUs: 0, StartBugReporterOnCrash: 0, Is64bit: 1, IsPro: 0

 COMMAND LINE ARGUMENTS:
C:\Program Files\Unity\Hub\Editor\2020.3.12f1\Editor\Unity.exe
-adb2
-batchMode
-noUpm
-name
AssetImportWorker0
-projectPath
C:/Users/Zach/Documents/GitHub/PokemonUnity/Pokemon Unity
-logFile
Logs/AssetImportWorker0.log
-srvPort
58404
Successfully changed project path to: C:/Users/Zach/Documents/GitHub/PokemonUnity/Pokemon Unity
C:/Users/Zach/Documents/GitHub/PokemonUnity/Pokemon Unity
Using Asset Import Pipeline V2.
Refreshing native plugins compatible for Editor in 93.47 ms, found 3 plugins.
Preloading 0 native plugins for Editor in 0.00 ms.
Initialize engine version: 2020.3.12f1 (b3b2c6512326)
[Subsystems] Discovering subsystems at path C:/Program Files/Unity/Hub/Editor/2020.3.12f1/Editor/Data/Resources/UnitySubsystems
[Subsystems] Discovering subsystems at path C:/Users/Zach/Documents/GitHub/PokemonUnity/Pokemon Unity/Assets
GfxDevice: creating device client; threaded=0
Direct3D:
    Version:  Direct3D 11.0 [level 11.1]
    Renderer: NVIDIA Quadro T2000 (ID=0x1fb8)
    Vendor:   
    VRAM:     3962 MB
    Driver:   30.0.14.7234
Initialize mono
Mono path[0] = 'C:/Program Files/Unity/Hub/Editor/2020.3.12f1/Editor/Data/Managed'
Mono path[1] = 'C:/Program Files/Unity/Hub/Editor/2020.3.12f1/Editor/Data/MonoBleedingEdge/lib/mono/unityjit'
Mono config path = 'C:/Program Files/Unity/Hub/Editor/2020.3.12f1/Editor/Data/MonoBleedingEdge/etc'
Using monoOptions --debugger-agent=transport=dt_socket,embedding=1,server=y,suspend=n,address=127.0.0.1:56940
Begin MonoManager ReloadAssembly
Registering precompiled unity dll's ...
Register platform support module: C:/Program Files/Unity/Hub/Editor/2020.3.12f1/Editor/Data/PlaybackEngines/WebGLSupport/UnityEditor.WebGL.Extensions.dll
Register platform support module: C:/Program Files/Unity/Hub/Editor/2020.3.12f1/Editor/Data/PlaybackEngines/WindowsStandaloneSupport/UnityEditor.WindowsStandalone.Extensions.dll
Registered in 0.002182 seconds.
Native extension for WindowsStandalone target not found
Native extension for WebGL target not found
Refreshing native plugins compatible for Editor in 78.19 ms, found 3 plugins.
Preloading 0 native plugins for Editor in 0.00 ms.
Mono: successfully reloaded assembly
- Completed reload, in  2.151 seconds
Platform modules already initialized, skipping
Registering precompiled user dll's ...
Registered in 0.006372 seconds.
Begin MonoManager ReloadAssembly
Native extension for WindowsStandalone target not found
Native extension for WebGL target not found
Refreshing native plugins compatible for Editor in 1.05 ms, found 3 plugins.
Preloading 0 native plugins for Editor in 0.00 ms.
Mono: successfully reloaded assembly
- Completed reload, in  1.105 seconds
Platform modules already initialized, skipping
========================================================================
Worker process is ready to serve import requests
Launched and connected shader compiler UnityShaderCompiler.exe after 0.04 seconds
Refreshing native plugins compatible for Editor in 2.48 ms, found 3 plugins.
Preloading 0 native plugins for Editor in 0.00 ms.
Unloading 2018 Unused Serialized files (Serialized files now loaded: 0)
System memory in use before: 87.9 MB.
System memory in use after: 87.9 MB.

Unloading 63 unused Assets to reduce memory usage. Loaded Objects now: 2419.
Total: 7.215100 ms (FindLiveObjects: 0.214400 ms CreateObjectMapping: 0.083600 ms MarkObjects: 6.808500 ms  DeleteObjects: 0.107100 ms)

AssetImportParameters requested are different than current active one (requested -> active):
  custom:framework-win-MediaFoundation: 216162199b28c13a410421893ffa2e32 -> 
  custom:video-decoder-ogg-theora: a1e56fd34408186e4bbccfd4996cb3dc -> 
  custom:container-muxer-webm: aa71ff27fc2769a1b78a27578f13a17b -> 
  custom:container-demuxer-webm: 4f35f7cbe854078d1ac9338744f61a02 -> 
  custom:container-demuxer-ogg: 62fdf1f143b41e24485cea50d1cbac27 -> 
  custom:video-encoder-webm-vp8: eb34c28f22e8b96e1ab97ce403110664 -> 
  custom:video-codec-MediaFoundation-h265: e54d7ab0439102e2317fc1e4b246158d -> 
  custom:video-decoder-webm-vp8: 9c59270c3fd7afecdb556c50c9e8de78 -> 
  custom:audio-decoder-ogg-vorbis: bf7c407c2cedff20999df2af8eb42d56 -> 
  custom:audio-encoder-webm-vorbis: bf7c407c2cedff20999df2af8eb42d56 -> 
========================================================================
Received Import Request.
  path: Assets/GUIDisplay.renderTexture
  artifactKey: Guid(b9a4c44f180103548beec89aeb674776) Importer(815301076,1909f56bfc062723c751e8b465ee728b)
Start importing Assets/GUIDisplay.renderTexture using Guid(b9a4c44f180103548beec89aeb674776) Importer(815301076,1909f56bfc062723c751e8b465ee728b)  -> (artifact id: 'f180d21c2ce01c1e1945729874ede653') in 0.089419 seconds 
  Import took 0.092951 seconds .

========================================================================
Received Import Request.
  Time since last request: 0.000323 seconds.
  path: Assets/GUIDisplay.mat
  artifactKey: Guid(f62a6296916315c4da6cd57d25d12bd1) Importer(815301076,1909f56bfc062723c751e8b465ee728b)
Start importing Assets/GUIDisplay.mat using Guid(f62a6296916315c4da6cd57d25d12bd1) Importer(815301076,1909f56bfc062723c751e8b465ee728b)  -> (artifact id: '2f73a3d54eaadfad78db4beb4eda1783') in 0.083682 seconds 
  Import took 0.087441 seconds .

========================================================================
Received Import Request.
  Time since last request: 0.000251 seconds.
  path: Assets/Camera.renderTexture
  artifactKey: Guid(bac0ace83fd707c46a56a40586fb629e) Importer(815301076,1909f56bfc062723c751e8b465ee728b)
Start importing Assets/Camera.renderTexture using Guid(bac0ace83fd707c46a56a40586fb629e) Importer(815301076,1909f56bfc062723c751e8b465ee728b)  -> (artifact id: '8f6f1c87f74cfa0a0858c0d78d27d3f1') in 0.017150 seconds 
  Import took 0.020505 seconds .

========================================================================
Received Import Request.
  Time since last request: 0.000280 seconds.
  path: Assets/Camera.mat
  artifactKey: Guid(5ea4af97d34e7d144b1281d0914dc37f) Importer(815301076,1909f56bfc062723c751e8b465ee728b)
Start importing Assets/Camera.mat using Guid(5ea4af97d34e7d144b1281d0914dc37f) Importer(815301076,1909f56bfc062723c751e8b465ee728b)  -> (artifact id: 'bb66f8e34a3625fcc796195ab5fa4f57') in 0.036367 seconds 
  Import took 0.039710 seconds .

